d:\华为\vs\future_net\future_net\release\future_net.pch
d:\华为\vs\future_net\future_net\release\vc120.pdb
d:\华为\vs\future_net\future_net\release\stdafx.obj
d:\华为\vs\future_net\future_net\release\route.obj
d:\华为\vs\future_net\future_net\release\io.obj
d:\华为\vs\future_net\future_net\release\future_net.obj
d:\华为\vs\future_net\release\future_net.exe
d:\华为\vs\future_net\release\future_net.pdb
d:\华为\github\future_net\future_net\release\future_net.obj
d:\华为\github\future_net\future_net\release\io.obj
d:\华为\github\future_net\future_net\release\route.obj
d:\华为\github\future_net\future_net\release\stdafx.obj
d:\华为\github\future_net\future_net\release\future_net.pch
d:\华为\github\future_net\future_net\release\vc120.pdb
d:\华为\github\future_net\release\future_net.pdb
d:\华为\github\future_net\release\future_net.exe
d:\华为\github\future_net\future_net\release\future_net.tlog\cl.command.1.tlog
d:\华为\github\future_net\future_net\release\future_net.tlog\cl.read.1.tlog
d:\华为\github\future_net\future_net\release\future_net.tlog\cl.write.1.tlog
d:\华为\github\future_net\future_net\release\future_net.tlog\link.command.1.tlog
d:\华为\github\future_net\future_net\release\future_net.tlog\link.read.1.tlog
d:\华为\github\future_net\future_net\release\future_net.tlog\link.write.1.tlog
