d:\华为\github\future_net\x64\debug\future_net.bsc
d:\华为\github\future_net\future_net\x64\debug\future_net.pch
d:\华为\github\future_net\future_net\x64\debug\vc120.pdb
d:\华为\github\future_net\future_net\x64\debug\vc120.idb
d:\华为\github\future_net\future_net\x64\debug\stdafx.sbr
d:\华为\github\future_net\future_net\x64\debug\stdafx.obj
d:\华为\github\future_net\future_net\x64\debug\route.sbr
d:\华为\github\future_net\future_net\x64\debug\io.sbr
d:\华为\github\future_net\future_net\x64\debug\future_net.sbr
d:\华为\github\future_net\future_net\x64\debug\future_net.obj
d:\华为\github\future_net\future_net\x64\debug\io.obj
d:\华为\github\future_net\future_net\x64\debug\route.obj
d:\华为\github\future_net\x64\debug\future_net.ilk
d:\华为\github\future_net\x64\debug\future_net.exe
d:\华为\github\future_net\x64\debug\future_net.pdb
d:\华为\github\future_net\future_net\x64\debug\future_net.tlog\bscmake.command.1.tlog
d:\华为\github\future_net\future_net\x64\debug\future_net.tlog\bscmake.read.1.tlog
d:\华为\github\future_net\future_net\x64\debug\future_net.tlog\bscmake.write.1.tlog
d:\华为\github\future_net\future_net\x64\debug\future_net.tlog\cl.command.1.tlog
d:\华为\github\future_net\future_net\x64\debug\future_net.tlog\cl.read.1.tlog
d:\华为\github\future_net\future_net\x64\debug\future_net.tlog\cl.write.1.tlog
d:\华为\github\future_net\future_net\x64\debug\future_net.tlog\link.command.1.tlog
d:\华为\github\future_net\future_net\x64\debug\future_net.tlog\link.read.1.tlog
d:\华为\github\future_net\future_net\x64\debug\future_net.tlog\link.write.1.tlog
